<?xml version="1.0" encoding="UTF-8"?>
<coverage generated="1688889363448" clover="3.2.0">
  <project timestamp="1688889363449" name="All files">
    <metrics statements="52" coveredstatements="52" conditionals="18" coveredconditionals="18" methods="2" coveredmethods="2" elements="72" coveredelements="72" complexity="0" loc="52" ncloc="52" packages="1" files="1" classes="1"/>
    <file name="index.js" path="C:\Users\fma\Desktop\private repos\js-algorithms-datastructures\algorithms\can-sum\index.js">
      <metrics statements="52" coveredstatements="52" conditionals="18" coveredconditionals="18" methods="2" coveredmethods="2"/>
      <line num="1" count="1" type="stmt"/>
      <line num="2" count="1" type="stmt"/>
      <line num="3" count="1" type="stmt"/>
      <line num="4" count="1" type="stmt"/>
      <line num="5" count="1" type="stmt"/>
      <line num="6" count="1" type="stmt"/>
      <line num="7" count="156352696" type="cond" truecount="1" falsecount="0"/>
      <line num="8" count="156352696" type="cond" truecount="2" falsecount="0"/>
      <line num="9" count="156352696" type="cond" truecount="2" falsecount="0"/>
      <line num="10" count="78176349" type="stmt"/>
      <line num="11" count="156352696" type="cond" truecount="1" falsecount="0"/>
      <line num="12" count="156352690" type="cond" truecount="1" falsecount="0"/>
      <line num="13" count="156352690" type="cond" truecount="1" falsecount="0"/>
      <line num="14" count="78176340" type="stmt"/>
      <line num="15" count="78176340" type="stmt"/>
      <line num="16" count="78176340" type="stmt"/>
      <line num="17" count="1" type="stmt"/>
      <line num="18" count="255" type="cond" truecount="1" falsecount="0"/>
      <line num="19" count="255" type="cond" truecount="2" falsecount="0"/>
      <line num="20" count="255" type="cond" truecount="2" falsecount="0"/>
      <line num="21" count="255" type="cond" truecount="2" falsecount="0"/>
      <line num="22" count="128" type="stmt"/>
      <line num="23" count="255" type="cond" truecount="1" falsecount="0"/>
      <line num="24" count="248" type="cond" truecount="1" falsecount="0"/>
      <line num="25" count="9" type="stmt"/>
      <line num="26" count="9" type="stmt"/>
      <line num="27" count="9" type="stmt"/>
      <line num="28" count="248" type="cond" truecount="1" falsecount="0"/>
      <line num="29" count="119" type="stmt"/>
      <line num="30" count="119" type="stmt"/>
      <line num="31" count="119" type="stmt"/>
      <line num="32" count="1" type="stmt"/>
      <line num="33" count="1" type="stmt"/>
      <line num="34" count="1" type="stmt"/>
      <line num="35" count="1" type="stmt"/>
      <line num="36" count="1" type="stmt"/>
      <line num="37" count="1" type="stmt"/>
      <line num="38" count="1" type="stmt"/>
      <line num="39" count="1" type="stmt"/>
      <line num="40" count="1" type="stmt"/>
      <line num="41" count="1" type="stmt"/>
      <line num="42" count="1" type="stmt"/>
      <line num="43" count="1" type="stmt"/>
      <line num="44" count="1" type="stmt"/>
      <line num="45" count="1" type="stmt"/>
      <line num="46" count="1" type="stmt"/>
      <line num="47" count="1" type="stmt"/>
      <line num="48" count="1" type="stmt"/>
      <line num="49" count="1" type="stmt"/>
      <line num="50" count="1" type="stmt"/>
      <line num="51" count="1" type="stmt"/>
      <line num="52" count="1" type="stmt"/>
    </file>
  </project>
</coverage>
