<?xml version="1.0" encoding="UTF-8"?>
<coverage generated="1688754926269" clover="3.2.0">
  <project timestamp="1688754926269" name="All files">
    <metrics statements="54" coveredstatements="54" conditionals="24" coveredconditionals="24" methods="5" coveredmethods="5" elements="83" coveredelements="83" complexity="0" loc="54" ncloc="54" packages="2" files="2" classes="2"/>
    <package name="fibonacci">
      <metrics statements="33" coveredstatements="33" conditionals="10" coveredconditionals="10" methods="3" coveredmethods="3"/>
      <file name="index.js" path="C:\Users\fma\Desktop\private repos\js-algorithms-datastructures\algorithms\fibonacci\index.js">
        <metrics statements="33" coveredstatements="33" conditionals="10" coveredconditionals="10" methods="3" coveredmethods="3"/>
        <line num="1" count="1" type="stmt"/>
        <line num="2" count="1" type="stmt"/>
        <line num="3" count="1" type="stmt"/>
        <line num="4" count="540485965" type="cond" truecount="1" falsecount="0"/>
        <line num="5" count="540485965" type="cond" truecount="2" falsecount="0"/>
        <line num="6" count="270242977" type="stmt"/>
        <line num="7" count="270242977" type="stmt"/>
        <line num="8" count="1" type="stmt"/>
        <line num="9" count="1" type="stmt"/>
        <line num="10" count="307" type="cond" truecount="1" falsecount="0"/>
        <line num="11" count="307" type="cond" truecount="2" falsecount="0"/>
        <line num="12" count="307" type="cond" truecount="2" falsecount="0"/>
        <line num="13" count="148" type="stmt"/>
        <line num="14" count="148" type="stmt"/>
        <line num="15" count="1" type="stmt"/>
        <line num="16" count="6" type="cond" truecount="1" falsecount="0"/>
        <line num="17" count="6" type="stmt"/>
        <line num="18" count="6" type="stmt"/>
        <line num="19" count="6" type="cond" truecount="1" falsecount="0"/>
        <line num="20" count="22" type="stmt"/>
        <line num="21" count="22" type="stmt"/>
        <line num="22" count="6" type="stmt"/>
        <line num="23" count="6" type="stmt"/>
        <line num="24" count="6" type="stmt"/>
        <line num="25" count="6" type="stmt"/>
        <line num="26" count="6" type="stmt"/>
        <line num="27" count="6" type="stmt"/>
        <line num="28" count="1" type="stmt"/>
        <line num="29" count="1" type="stmt"/>
        <line num="30" count="1" type="stmt"/>
        <line num="31" count="1" type="stmt"/>
        <line num="32" count="1" type="stmt"/>
        <line num="33" count="1" type="stmt"/>
      </file>
    </package>
    <package name="grid-traverse">
      <metrics statements="21" coveredstatements="21" conditionals="14" coveredconditionals="14" methods="2" coveredmethods="2"/>
      <file name="index.js" path="C:\Users\fma\Desktop\private repos\js-algorithms-datastructures\algorithms\grid-traverse\index.js">
        <metrics statements="21" coveredstatements="21" conditionals="14" coveredconditionals="14" methods="2" coveredmethods="2"/>
        <line num="1" count="1" type="stmt"/>
        <line num="2" count="1" type="stmt"/>
        <line num="3" count="1" type="stmt"/>
        <line num="4" count="1" type="stmt"/>
        <line num="5" count="53" type="cond" truecount="1" falsecount="0"/>
        <line num="6" count="53" type="cond" truecount="2" falsecount="0"/>
        <line num="7" count="53" type="cond" truecount="3" falsecount="0"/>
        <line num="8" count="24" type="stmt"/>
        <line num="9" count="24" type="stmt"/>
        <line num="10" count="1" type="stmt"/>
        <line num="11" count="29" type="cond" truecount="1" falsecount="0"/>
        <line num="12" count="29" type="stmt"/>
        <line num="13" count="29" type="cond" truecount="2" falsecount="0"/>
        <line num="14" count="29" type="cond" truecount="2" falsecount="0"/>
        <line num="15" count="29" type="cond" truecount="3" falsecount="0"/>
        <line num="16" count="13" type="stmt"/>
        <line num="17" count="13" type="stmt"/>
        <line num="18" count="13" type="stmt"/>
        <line num="19" count="13" type="stmt"/>
        <line num="20" count="1" type="stmt"/>
        <line num="21" count="1" type="stmt"/>
      </file>
    </package>
  </project>
</coverage>
