{"C:\\Users\\fma\\Desktop\\private repos\\js-algorithms-datastructures\\algorithms\\can-sum\\index.js": {"path":"C:\\Users\\fma\\Desktop\\private repos\\js-algorithms-datastructures\\algorithms\\can-sum\\index.js","all":false,"statementMap":{"0":{"start":{"line":1,"column":0},"end":{"line":1,"column":2}},"1":{"start":{"line":2,"column":0},"end":{"line":2,"column":138}},"2":{"start":{"line":3,"column":0},"end":{"line":3,"column":107}},"3":{"start":{"line":4,"column":0},"end":{"line":4,"column":39}},"4":{"start":{"line":5,"column":0},"end":{"line":5,"column":2}},"5":{"start":{"line":6,"column":0},"end":{"line":6,"column":0}},"6":{"start":{"line":7,"column":0},"end":{"line":7,"column":33}},"7":{"start":{"line":8,"column":0},"end":{"line":8,"column":34}},"8":{"start":{"line":9,"column":0},"end":{"line":9,"column":33}},"9":{"start":{"line":10,"column":0},"end":{"line":10,"column":0}},"10":{"start":{"line":11,"column":0},"end":{"line":11,"column":29}},"11":{"start":{"line":12,"column":0},"end":{"line":12,"column":54}},"12":{"start":{"line":13,"column":0},"end":{"line":13,"column":5}},"13":{"start":{"line":14,"column":0},"end":{"line":14,"column":0}},"14":{"start":{"line":15,"column":0},"end":{"line":15,"column":17}},"15":{"start":{"line":16,"column":0},"end":{"line":16,"column":1}},"16":{"start":{"line":17,"column":0},"end":{"line":17,"column":0}},"17":{"start":{"line":18,"column":0},"end":{"line":18,"column":48}},"18":{"start":{"line":19,"column":0},"end":{"line":19,"column":44}},"19":{"start":{"line":20,"column":0},"end":{"line":20,"column":34}},"20":{"start":{"line":21,"column":0},"end":{"line":21,"column":33}},"21":{"start":{"line":22,"column":0},"end":{"line":22,"column":0}},"22":{"start":{"line":23,"column":0},"end":{"line":23,"column":31}},"23":{"start":{"line":24,"column":0},"end":{"line":24,"column":62}},"24":{"start":{"line":25,"column":0},"end":{"line":25,"column":32}},"25":{"start":{"line":26,"column":0},"end":{"line":26,"column":24}},"26":{"start":{"line":27,"column":0},"end":{"line":27,"column":9}},"27":{"start":{"line":28,"column":0},"end":{"line":28,"column":5}},"28":{"start":{"line":29,"column":0},"end":{"line":29,"column":25}},"29":{"start":{"line":30,"column":0},"end":{"line":30,"column":17}},"30":{"start":{"line":31,"column":0},"end":{"line":31,"column":1}},"31":{"start":{"line":32,"column":0},"end":{"line":32,"column":0}},"32":{"start":{"line":33,"column":0},"end":{"line":33,"column":52}},"33":{"start":{"line":34,"column":0},"end":{"line":34,"column":53}},"34":{"start":{"line":35,"column":0},"end":{"line":35,"column":40}},"35":{"start":{"line":36,"column":0},"end":{"line":36,"column":39}},"36":{"start":{"line":37,"column":0},"end":{"line":37,"column":0}},"37":{"start":{"line":38,"column":0},"end":{"line":38,"column":36}},"38":{"start":{"line":39,"column":0},"end":{"line":39,"column":48}},"39":{"start":{"line":40,"column":0},"end":{"line":40,"column":60}},"40":{"start":{"line":41,"column":0},"end":{"line":41,"column":38}},"41":{"start":{"line":42,"column":0},"end":{"line":42,"column":27}},"42":{"start":{"line":43,"column":0},"end":{"line":43,"column":12}},"43":{"start":{"line":44,"column":0},"end":{"line":44,"column":8}},"44":{"start":{"line":45,"column":0},"end":{"line":45,"column":0}},"45":{"start":{"line":46,"column":0},"end":{"line":46,"column":31}},"46":{"start":{"line":47,"column":0},"end":{"line":47,"column":20}},"47":{"start":{"line":48,"column":0},"end":{"line":48,"column":4}},"48":{"start":{"line":49,"column":0},"end":{"line":49,"column":0}},"49":{"start":{"line":50,"column":0},"end":{"line":50,"column":38}},"50":{"start":{"line":51,"column":0},"end":{"line":51,"column":0}},"51":{"start":{"line":52,"column":0},"end":{"line":52,"column":40}}},"s":{"0":1,"1":1,"2":1,"3":1,"4":1,"5":1,"6":156352696,"7":156352696,"8":156352696,"9":78176349,"10":156352696,"11":156352690,"12":156352690,"13":78176340,"14":78176340,"15":78176340,"16":1,"17":255,"18":255,"19":255,"20":255,"21":128,"22":255,"23":248,"24":9,"25":9,"26":9,"27":248,"28":119,"29":119,"30":119,"31":1,"32":1,"33":1,"34":1,"35":1,"36":1,"37":1,"38":1,"39":1,"40":1,"41":1,"42":1,"43":1,"44":1,"45":1,"46":1,"47":1,"48":1,"49":1,"50":1,"51":1},"branchMap":{"0":{"type":"branch","line":7,"loc":{"start":{"line":7,"column":0},"end":{"line":16,"column":1}},"locations":[{"start":{"line":7,"column":0},"end":{"line":16,"column":1}}]},"1":{"type":"branch","line":8,"loc":{"start":{"line":8,"column":22},"end":{"line":8,"column":34}},"locations":[{"start":{"line":8,"column":22},"end":{"line":8,"column":34}}]},"2":{"type":"branch","line":8,"loc":{"start":{"line":8,"column":33},"end":{"line":9,"column":20}},"locations":[{"start":{"line":8,"column":33},"end":{"line":9,"column":20}}]},"3":{"type":"branch","line":9,"loc":{"start":{"line":9,"column":20},"end":{"line":9,"column":33}},"locations":[{"start":{"line":9,"column":20},"end":{"line":9,"column":33}}]},"4":{"type":"branch","line":9,"loc":{"start":{"line":9,"column":32},"end":{"line":11,"column":28}},"locations":[{"start":{"line":9,"column":32},"end":{"line":11,"column":28}}]},"5":{"type":"branch","line":11,"loc":{"start":{"line":11,"column":28},"end":{"line":13,"column":5}},"locations":[{"start":{"line":11,"column":28},"end":{"line":13,"column":5}}]},"6":{"type":"branch","line":12,"loc":{"start":{"line":12,"column":42},"end":{"line":12,"column":54}},"locations":[{"start":{"line":12,"column":42},"end":{"line":12,"column":54}}]},"7":{"type":"branch","line":13,"loc":{"start":{"line":13,"column":4},"end":{"line":16,"column":1}},"locations":[{"start":{"line":13,"column":4},"end":{"line":16,"column":1}}]},"8":{"type":"branch","line":18,"loc":{"start":{"line":18,"column":0},"end":{"line":31,"column":1}},"locations":[{"start":{"line":18,"column":0},"end":{"line":31,"column":1}}]},"9":{"type":"branch","line":19,"loc":{"start":{"line":19,"column":24},"end":{"line":19,"column":44}},"locations":[{"start":{"line":19,"column":24},"end":{"line":19,"column":44}}]},"10":{"type":"branch","line":19,"loc":{"start":{"line":19,"column":43},"end":{"line":20,"column":22}},"locations":[{"start":{"line":19,"column":43},"end":{"line":20,"column":22}}]},"11":{"type":"branch","line":20,"loc":{"start":{"line":20,"column":22},"end":{"line":20,"column":34}},"locations":[{"start":{"line":20,"column":22},"end":{"line":20,"column":34}}]},"12":{"type":"branch","line":20,"loc":{"start":{"line":20,"column":33},"end":{"line":21,"column":20}},"locations":[{"start":{"line":20,"column":33},"end":{"line":21,"column":20}}]},"13":{"type":"branch","line":21,"loc":{"start":{"line":21,"column":20},"end":{"line":21,"column":33}},"locations":[{"start":{"line":21,"column":20},"end":{"line":21,"column":33}}]},"14":{"type":"branch","line":21,"loc":{"start":{"line":21,"column":32},"end":{"line":23,"column":30}},"locations":[{"start":{"line":21,"column":32},"end":{"line":23,"column":30}}]},"15":{"type":"branch","line":23,"loc":{"start":{"line":23,"column":30},"end":{"line":28,"column":5}},"locations":[{"start":{"line":23,"column":30},"end":{"line":28,"column":5}}]},"16":{"type":"branch","line":24,"loc":{"start":{"line":24,"column":61},"end":{"line":27,"column":9}},"locations":[{"start":{"line":24,"column":61},"end":{"line":27,"column":9}}]},"17":{"type":"branch","line":28,"loc":{"start":{"line":28,"column":4},"end":{"line":31,"column":1}},"locations":[{"start":{"line":28,"column":4},"end":{"line":31,"column":1}}]}},"b":{"0":[156352696],"1":[3],"2":[156352693],"3":[78176344],"4":[78176349],"5":[156352690],"6":[9],"7":[78176340],"8":[255],"9":[109],"10":[146],"11":[3],"12":[143],"13":[15],"14":[128],"15":[248],"16":[9],"17":[119]},"fnMap":{"0":{"name":"canSum","decl":{"start":{"line":7,"column":0},"end":{"line":16,"column":1}},"loc":{"start":{"line":7,"column":0},"end":{"line":16,"column":1}},"line":7},"1":{"name":"canSumMemo","decl":{"start":{"line":18,"column":0},"end":{"line":31,"column":1}},"loc":{"start":{"line":18,"column":0},"end":{"line":31,"column":1}},"line":18}},"f":{"0":156352696,"1":255}}
}
