{"C:\\Users\\fma\\Desktop\\private repos\\js-algorithms-datastructures\\algorithms\\fibonacci\\index.js": {"path":"C:\\Users\\fma\\Desktop\\private repos\\js-algorithms-datastructures\\algorithms\\fibonacci\\index.js","all":false,"statementMap":{"0":{"start":{"line":1,"column":0},"end":{"line":1,"column":46}},"1":{"start":{"line":2,"column":0},"end":{"line":2,"column":0}},"2":{"start":{"line":3,"column":0},"end":{"line":3,"column":21}},"3":{"start":{"line":4,"column":0},"end":{"line":4,"column":17}},"4":{"start":{"line":5,"column":0},"end":{"line":5,"column":25}},"5":{"start":{"line":6,"column":0},"end":{"line":6,"column":35}},"6":{"start":{"line":7,"column":0},"end":{"line":7,"column":1}},"7":{"start":{"line":8,"column":0},"end":{"line":8,"column":0}},"8":{"start":{"line":9,"column":0},"end":{"line":9,"column":19}},"9":{"start":{"line":10,"column":0},"end":{"line":10,"column":32}},"10":{"start":{"line":11,"column":0},"end":{"line":11,"column":47}},"11":{"start":{"line":12,"column":0},"end":{"line":12,"column":25}},"12":{"start":{"line":13,"column":0},"end":{"line":13,"column":67}},"13":{"start":{"line":14,"column":0},"end":{"line":14,"column":1}},"14":{"start":{"line":15,"column":0},"end":{"line":15,"column":0}},"15":{"start":{"line":16,"column":0},"end":{"line":16,"column":35}},"16":{"start":{"line":17,"column":0},"end":{"line":17,"column":22}},"17":{"start":{"line":18,"column":0},"end":{"line":18,"column":36}},"18":{"start":{"line":19,"column":0},"end":{"line":19,"column":32}},"19":{"start":{"line":20,"column":0},"end":{"line":20,"column":37}},"20":{"start":{"line":21,"column":0},"end":{"line":21,"column":31}},"21":{"start":{"line":22,"column":0},"end":{"line":22,"column":7}},"22":{"start":{"line":23,"column":0},"end":{"line":23,"column":34}},"23":{"start":{"line":24,"column":0},"end":{"line":24,"column":27}},"24":{"start":{"line":25,"column":0},"end":{"line":25,"column":38}},"25":{"start":{"line":26,"column":0},"end":{"line":26,"column":48}},"26":{"start":{"line":27,"column":0},"end":{"line":27,"column":1}},"27":{"start":{"line":28,"column":0},"end":{"line":28,"column":0}},"28":{"start":{"line":29,"column":0},"end":{"line":29,"column":46}},"29":{"start":{"line":30,"column":0},"end":{"line":30,"column":38}},"30":{"start":{"line":31,"column":0},"end":{"line":31,"column":42}},"31":{"start":{"line":32,"column":0},"end":{"line":32,"column":0}},"32":{"start":{"line":33,"column":0},"end":{"line":33,"column":48}}},"s":{"0":1,"1":1,"2":1,"3":540485965,"4":540485965,"5":270242977,"6":270242977,"7":1,"8":1,"9":307,"10":307,"11":307,"12":148,"13":148,"14":1,"15":6,"16":6,"17":6,"18":6,"19":22,"20":22,"21":6,"22":6,"23":6,"24":6,"25":6,"26":6,"27":1,"28":1,"29":1,"30":1,"31":1,"32":1},"branchMap":{"0":{"type":"branch","line":4,"loc":{"start":{"line":4,"column":0},"end":{"line":7,"column":1}},"locations":[{"start":{"line":4,"column":0},"end":{"line":7,"column":1}}]},"1":{"type":"branch","line":5,"loc":{"start":{"line":5,"column":16},"end":{"line":5,"column":25}},"locations":[{"start":{"line":5,"column":16},"end":{"line":5,"column":25}}]},"2":{"type":"branch","line":5,"loc":{"start":{"line":5,"column":24},"end":{"line":7,"column":1}},"locations":[{"start":{"line":5,"column":24},"end":{"line":7,"column":1}}]},"3":{"type":"branch","line":10,"loc":{"start":{"line":10,"column":0},"end":{"line":14,"column":1}},"locations":[{"start":{"line":10,"column":0},"end":{"line":14,"column":1}}]},"4":{"type":"branch","line":11,"loc":{"start":{"line":11,"column":32},"end":{"line":11,"column":47}},"locations":[{"start":{"line":11,"column":32},"end":{"line":11,"column":47}}]},"5":{"type":"branch","line":11,"loc":{"start":{"line":11,"column":46},"end":{"line":12,"column":16}},"locations":[{"start":{"line":11,"column":46},"end":{"line":12,"column":16}}]},"6":{"type":"branch","line":12,"loc":{"start":{"line":12,"column":16},"end":{"line":12,"column":25}},"locations":[{"start":{"line":12,"column":16},"end":{"line":12,"column":25}}]},"7":{"type":"branch","line":12,"loc":{"start":{"line":12,"column":24},"end":{"line":14,"column":1}},"locations":[{"start":{"line":12,"column":24},"end":{"line":14,"column":1}}]},"8":{"type":"branch","line":16,"loc":{"start":{"line":16,"column":0},"end":{"line":27,"column":1}},"locations":[{"start":{"line":16,"column":0},"end":{"line":27,"column":1}}]},"9":{"type":"branch","line":19,"loc":{"start":{"line":19,"column":20},"end":{"line":22,"column":5}},"locations":[{"start":{"line":19,"column":20},"end":{"line":22,"column":5}}]}},"b":{"0":[540485965],"1":[270242988],"2":[270242977],"3":[307],"4":[132],"5":[175],"6":[27],"7":[148],"8":[6],"9":[22]},"fnMap":{"0":{"name":"fib","decl":{"start":{"line":4,"column":0},"end":{"line":7,"column":1}},"loc":{"start":{"line":4,"column":0},"end":{"line":7,"column":1}},"line":4},"1":{"name":"fibMemo","decl":{"start":{"line":10,"column":0},"end":{"line":14,"column":1}},"loc":{"start":{"line":10,"column":0},"end":{"line":14,"column":1}},"line":10},"2":{"name":"calculateFib","decl":{"start":{"line":16,"column":0},"end":{"line":27,"column":1}},"loc":{"start":{"line":16,"column":0},"end":{"line":27,"column":1}},"line":16}},"f":{"0":540485965,"1":307,"2":6}}
,"C:\\Users\\fma\\Desktop\\private repos\\js-algorithms-datastructures\\algorithms\\grid-traverse\\index.js": {"path":"C:\\Users\\fma\\Desktop\\private repos\\js-algorithms-datastructures\\algorithms\\grid-traverse\\index.js","all":false,"statementMap":{"0":{"start":{"line":1,"column":0},"end":{"line":1,"column":2}},"1":{"start":{"line":2,"column":0},"end":{"line":2,"column":171}},"2":{"start":{"line":3,"column":0},"end":{"line":3,"column":2}},"3":{"start":{"line":4,"column":0},"end":{"line":4,"column":0}},"4":{"start":{"line":5,"column":0},"end":{"line":5,"column":28}},"5":{"start":{"line":6,"column":0},"end":{"line":6,"column":47}},"6":{"start":{"line":7,"column":0},"end":{"line":7,"column":47}},"7":{"start":{"line":8,"column":0},"end":{"line":8,"column":83}},"8":{"start":{"line":9,"column":0},"end":{"line":9,"column":1}},"9":{"start":{"line":10,"column":0},"end":{"line":10,"column":0}},"10":{"start":{"line":11,"column":0},"end":{"line":11,"column":43}},"11":{"start":{"line":12,"column":0},"end":{"line":12,"column":35}},"12":{"start":{"line":13,"column":0},"end":{"line":13,"column":48}},"13":{"start":{"line":14,"column":0},"end":{"line":14,"column":47}},"14":{"start":{"line":15,"column":0},"end":{"line":15,"column":47}},"15":{"start":{"line":16,"column":0},"end":{"line":16,"column":28}},"16":{"start":{"line":17,"column":0},"end":{"line":17,"column":54}},"17":{"start":{"line":18,"column":0},"end":{"line":18,"column":54}},"18":{"start":{"line":19,"column":0},"end":{"line":19,"column":1}},"19":{"start":{"line":20,"column":0},"end":{"line":20,"column":0}},"20":{"start":{"line":21,"column":0},"end":{"line":21,"column":52}}},"s":{"0":1,"1":1,"2":1,"3":1,"4":53,"5":53,"6":53,"7":24,"8":24,"9":1,"10":29,"11":29,"12":29,"13":29,"14":29,"15":13,"16":13,"17":13,"18":13,"19":1,"20":1},"branchMap":{"0":{"type":"branch","line":5,"loc":{"start":{"line":5,"column":0},"end":{"line":9,"column":1}},"locations":[{"start":{"line":5,"column":0},"end":{"line":9,"column":1}}]},"1":{"type":"branch","line":6,"loc":{"start":{"line":6,"column":38},"end":{"line":6,"column":47}},"locations":[{"start":{"line":6,"column":38},"end":{"line":6,"column":47}}]},"2":{"type":"branch","line":6,"loc":{"start":{"line":6,"column":46},"end":{"line":7,"column":24}},"locations":[{"start":{"line":6,"column":46},"end":{"line":7,"column":24}}]},"3":{"type":"branch","line":7,"loc":{"start":{"line":7,"column":20},"end":{"line":7,"column":36}},"locations":[{"start":{"line":7,"column":20},"end":{"line":7,"column":36}}]},"4":{"type":"branch","line":7,"loc":{"start":{"line":7,"column":38},"end":{"line":7,"column":47}},"locations":[{"start":{"line":7,"column":38},"end":{"line":7,"column":47}}]},"5":{"type":"branch","line":7,"loc":{"start":{"line":7,"column":46},"end":{"line":9,"column":1}},"locations":[{"start":{"line":7,"column":46},"end":{"line":9,"column":1}}]},"6":{"type":"branch","line":11,"loc":{"start":{"line":11,"column":0},"end":{"line":19,"column":1}},"locations":[{"start":{"line":11,"column":0},"end":{"line":19,"column":1}}]},"7":{"type":"branch","line":13,"loc":{"start":{"line":13,"column":26},"end":{"line":13,"column":48}},"locations":[{"start":{"line":13,"column":26},"end":{"line":13,"column":48}}]},"8":{"type":"branch","line":13,"loc":{"start":{"line":13,"column":47},"end":{"line":14,"column":36}},"locations":[{"start":{"line":13,"column":47},"end":{"line":14,"column":36}}]},"9":{"type":"branch","line":14,"loc":{"start":{"line":14,"column":38},"end":{"line":14,"column":47}},"locations":[{"start":{"line":14,"column":38},"end":{"line":14,"column":47}}]},"10":{"type":"branch","line":14,"loc":{"start":{"line":14,"column":46},"end":{"line":15,"column":24}},"locations":[{"start":{"line":14,"column":46},"end":{"line":15,"column":24}}]},"11":{"type":"branch","line":15,"loc":{"start":{"line":15,"column":20},"end":{"line":15,"column":36}},"locations":[{"start":{"line":15,"column":20},"end":{"line":15,"column":36}}]},"12":{"type":"branch","line":15,"loc":{"start":{"line":15,"column":38},"end":{"line":15,"column":47}},"locations":[{"start":{"line":15,"column":38},"end":{"line":15,"column":47}}]},"13":{"type":"branch","line":15,"loc":{"start":{"line":15,"column":46},"end":{"line":19,"column":1}},"locations":[{"start":{"line":15,"column":46},"end":{"line":19,"column":1}}]}},"b":{"0":[53],"1":[1],"2":[52],"3":[37],"4":[28],"5":[24],"6":[29],"7":[5],"8":[24],"9":[1],"10":[23],"11":[18],"12":[10],"13":[13]},"fnMap":{"0":{"name":"gridTraverse","decl":{"start":{"line":5,"column":0},"end":{"line":9,"column":1}},"loc":{"start":{"line":5,"column":0},"end":{"line":9,"column":1}},"line":5},"1":{"name":"gridTraverseMemo","decl":{"start":{"line":11,"column":0},"end":{"line":19,"column":1}},"loc":{"start":{"line":11,"column":0},"end":{"line":19,"column":1}},"line":11}},"f":{"0":53,"1":29}}
}
