TN:
SF:algorithms\fibonacci\index.js
FN:4,fib
FN:10,fibMemo
FN:16,calculateFib
FNF:3
FNH:3
FNDA:540485965,fib
FNDA:307,fibMemo
FNDA:6,calculateFib
DA:1,1
DA:2,1
DA:3,1
DA:4,540485965
DA:5,540485965
DA:6,270242977
DA:7,270242977
DA:8,1
DA:9,1
DA:10,307
DA:11,307
DA:12,307
DA:13,148
DA:14,148
DA:15,1
DA:16,6
DA:17,6
DA:18,6
DA:19,6
DA:20,22
DA:21,22
DA:22,6
DA:23,6
DA:24,6
DA:25,6
DA:26,6
DA:27,6
DA:28,1
DA:29,1
DA:30,1
DA:31,1
DA:32,1
DA:33,1
LF:33
LH:33
BRDA:4,0,0,540485965
BRDA:5,1,0,270242988
BRDA:5,2,0,270242977
BRDA:10,3,0,307
BRDA:11,4,0,132
BRDA:11,5,0,175
BRDA:12,6,0,27
BRDA:12,7,0,148
BRDA:16,8,0,6
BRDA:19,9,0,22
BRF:10
BRH:10
end_of_record
TN:
SF:algorithms\grid-traverse\index.js
FN:5,gridTraverse
FN:11,gridTraverseMemo
FNF:2
FNH:2
FNDA:53,gridTraverse
FNDA:29,gridTraverseMemo
DA:1,1
DA:2,1
DA:3,1
DA:4,1
DA:5,53
DA:6,53
DA:7,53
DA:8,24
DA:9,24
DA:10,1
DA:11,29
DA:12,29
DA:13,29
DA:14,29
DA:15,29
DA:16,13
DA:17,13
DA:18,13
DA:19,13
DA:20,1
DA:21,1
LF:21
LH:21
BRDA:5,0,0,53
BRDA:6,1,0,1
BRDA:6,2,0,52
BRDA:7,3,0,37
BRDA:7,4,0,28
BRDA:7,5,0,24
BRDA:11,6,0,29
BRDA:13,7,0,5
BRDA:13,8,0,24
BRDA:14,9,0,1
BRDA:14,10,0,23
BRDA:15,11,0,18
BRDA:15,12,0,10
BRDA:15,13,0,13
BRF:14
BRH:14
end_of_record
