TN:
SF:algorithms\can-sum\index.js
FN:7,canSum
FN:18,canSumMemo
FNF:2
FNH:2
FNDA:156352696,canSum
FNDA:255,canSumMemo
DA:1,1
DA:2,1
DA:3,1
DA:4,1
DA:5,1
DA:6,1
DA:7,156352696
DA:8,156352696
DA:9,156352696
DA:10,78176349
DA:11,156352696
DA:12,156352690
DA:13,156352690
DA:14,78176340
DA:15,78176340
DA:16,78176340
DA:17,1
DA:18,255
DA:19,255
DA:20,255
DA:21,255
DA:22,128
DA:23,255
DA:24,248
DA:25,9
DA:26,9
DA:27,9
DA:28,248
DA:29,119
DA:30,119
DA:31,119
DA:32,1
DA:33,1
DA:34,1
DA:35,1
DA:36,1
DA:37,1
DA:38,1
DA:39,1
DA:40,1
DA:41,1
DA:42,1
DA:43,1
DA:44,1
DA:45,1
DA:46,1
DA:47,1
DA:48,1
DA:49,1
DA:50,1
DA:51,1
DA:52,1
LF:52
LH:52
BRDA:7,0,0,156352696
BRDA:8,1,0,3
BRDA:8,2,0,156352693
BRDA:9,3,0,78176344
BRDA:9,4,0,78176349
BRDA:11,5,0,156352690
BRDA:12,6,0,9
BRDA:13,7,0,78176340
BRDA:18,8,0,255
BRDA:19,9,0,109
BRDA:19,10,0,146
BRDA:20,11,0,3
BRDA:20,12,0,143
BRDA:21,13,0,15
BRDA:21,14,0,128
BRDA:23,15,0,248
BRDA:24,16,0,9
BRDA:28,17,0,119
BRF:18
BRH:18
end_of_record
